execve("./empty", ["./empty"], 0x7ffe63584d70 /* 51 vars */) = 0
brk(NULL)                               = 0x55670430a000
arch_prctl(0x3001 /* ARCH_??? */, 0x7fff7dd6d150) = -1 EINVAL (Invalid argument)
mmap(NULL, 8192, PROT_READ|PROT_WRITE, MAP_PRIVATE|MAP_ANONYMOUS, -1, 0) = 0x7fb5e0f50000
access("/etc/ld.so.preload", R_OK)      = -1 ENOENT (No such file or directory)
openat(AT_FDCWD, "/etc/ld.so.cache", O_RDONLY|O_CLOEXEC) = 3
newfstatat(3, "", {st_mode=S_IFREG|0644, st_size=61261, ...}, AT_EMPTY_PATH) = 0
mmap(NULL, 61261, PROT_READ, MAP_PRIVATE, 3, 0) = 0x7fb5e0f41000
close(3)                                = 0
openat(AT_FDCWD, "/lib/x86_64-linux-gnu/libc.so.6", O_RDONLY|O_CLOEXEC) = 3
read(3, "\177ELF\2\1\1\3\0\0\0\0\0\0\0\0\3\0>\0\1\0\0\0\220\202\2\0\0\0\0\0"..., 832) = 832
pread64(3, "\6\0\0\0\4\0\0\0@\0\0\0\0\0\0\0@\0\0\0\0\0\0\0@\0\0\0\0\0\0\0"..., 784, 64) = 784
newfstatat(3, "", {st_mode=S_IFREG|0755, st_size=2105184, ...}, AT_EMPTY_PATH) = 0
pread64(3, "\6\0\0\0\4\0\0\0@\0\0\0\0\0\0\0@\0\0\0\0\0\0\0@\0\0\0\0\0\0\0"..., 784, 64) = 784
mmap(NULL, 2150256, PROT_READ, MAP_PRIVATE|MAP_DENYWRITE, 3, 0) = 0x7fb5e0d34000
mmap(0x7fb5e0d5a000, 1568768, PROT_READ|PROT_EXEC, MAP_PRIVATE|MAP_FIXED|MAP_DENYWRITE, 3, 0x26000) = 0x7fb5e0d5a000
mmap(0x7fb5e0ed9000, 348160, PROT_READ, MAP_PRIVATE|MAP_FIXED|MAP_DENYWRITE, 3, 0x1a5000) = 0x7fb5e0ed9000
mmap(0x7fb5e0f2e000, 24576, PROT_READ|PROT_WRITE, MAP_PRIVATE|MAP_FIXED|MAP_DENYWRITE, 3, 0x1f9000) = 0x7fb5e0f2e000
mmap(0x7fb5e0f34000, 53104, PROT_READ|PROT_WRITE, MAP_PRIVATE|MAP_FIXED|MAP_ANONYMOUS, -1, 0) = 0x7fb5e0f34000
close(3)                                = 0
mmap(NULL, 12288, PROT_READ|PROT_WRITE, MAP_PRIVATE|MAP_ANONYMOUS, -1, 0) = 0x7fb5e0d31000
arch_prctl(ARCH_SET_FS, 0x7fb5e0d31740) = 0
set_tid_address(0x7fb5e0d31a10)         = 6481
set_robust_list(0x7fb5e0d31a20, 24)     = 0
rseq(0x7fb5e0d32060, 0x20, 0, 0x53053053) = 0
mprotect(0x7fb5e0f2e000, 16384, PROT_READ) = 0
mprotect(0x55670330f000, 4096, PROT_READ) = 0
mprotect(0x7fb5e0f87000, 8192, PROT_READ) = 0
prlimit64(0, RLIMIT_STACK, NULL, {rlim_cur=8192*1024, rlim_max=RLIM64_INFINITY}) = 0
munmap(0x7fb5e0f41000, 61261)           = 0
exit_group(0)                           = ?
+++ exited with 0 +++
